[www.smartjava.org/ltjs/chapter-11/01-basic-effect-composer.html]
[backblue.gif]
[fade.gif]
[index.html]
[www.smartjava.org/ltjs/libs/stats.js]
[www.smartjava.org/ltjs/libs/OrbitControls.js]
[www.smartjava.org/ltjs/libs/postprocessing/ShaderPass.js]
[www.smartjava.org/ltjs/libs/shaders/CopyShader.js]
[www.smartjava.org/ltjs/libs/dat.gui.js]
[www.smartjava.org/ltjs/libs/postprocessing/EffectComposer.js]
[www.smartjava.org/ltjs/libs/postprocessing/MaskPass.js]
[www.smartjava.org/ltjs/libs/postprocessing/FilmPass.js]
[www.smartjava.org/ltjs/libs/shaders/FilmShader.js]
[www.smartjava.org/ltjs/libs/postprocessing/RenderPass.js]
[www.smartjava.org/ltjs/libs/jquery-1.9.0.js]
[www.smartjava.org/ltjs/libs/three.js]
[www.smartjava.org/ltjs/assets/textures/planets/Earth.png]
[www.smartjava.org/ltjs/assets/textures/planets/EarthSpec.png]
[www.smartjava.org/ltjs/assets/textures/planets/EarthNormal.png]
[www.smartjava.org/ltjs/chapter-11/01-basic-effect-composer.html]
